This file contains any messages produced by compilers while
running configure, to aid debugging if configure makes a mistake.

It was created by configure, which was
generated by GNU Autoconf 2.69.  Invocation command line was

  $ ./configure 

## --------- ##
## Platform. ##
## --------- ##

hostname = DESKTOP-0VBQKKK
uname -m = x86_64
uname -r = 2.4.0(0.292/5/3)
uname -s = MINGW32_NT-10.0
uname -v = 2015-12-22 09:37

/usr/bin/uname -p = unknown
/bin/uname -X     = unknown

/bin/arch              = x86_64
/usr/bin/arch -k       = unknown
/usr/convex/getsysinfo = unknown
/usr/bin/hostinfo      = unknown
/bin/machine           = unknown
/usr/bin/oslevel       = unknown
/bin/universe          = unknown

PATH: /mingw32/bin
PATH: /usr/local/bin
PATH: /usr/bin
PATH: /bin
PATH: /c/Python27
PATH: /c/Python27/Scripts
PATH: /c/ProgramData/Oracle/Java/javapath
PATH: /c/WINDOWS/system32
PATH: /c/WINDOWS
PATH: /c/WINDOWS/System32/Wbem
PATH: /c/WINDOWS/System32/WindowsPowerShell/v1.0
PATH: /c/WINDOWS/system32/config/systemprofile/.dnx/bin
PATH: /c/Program Files/Microsoft DNX/Dnvm
PATH: /c/Program Files/Microsoft SQL Server/130/Tools/Binn
PATH: /c/Program Files (x86)/nodejs
PATH: /c/Program Files/Git/cmd
PATH: /c/Program Files (x86)/Windows Kits/10/Windows Performance Toolkit
PATH: /c/Users/meesokim/AppData/Local/Microsoft/WindowsApps
PATH: /c/Users/meesokim/AppData/Roaming/npm
PATH: .
PATH: /usr/bin/site_perl
PATH: /usr/bin/vendor_perl
PATH: /usr/bin/core_perl
PATH: .


## ----------- ##
## Core tests. ##
## ----------- ##

configure:2365: checking build system type
configure:2379: result: x86_64-pc-mingw32
configure:2399: checking host system type
configure:2412: result: x86_64-pc-mingw32
configure:2432: checking target system type
configure:2445: result: x86_64-pc-mingw32
configure:2489: checking for a BSD-compatible install
configure:2557: result: /usr/bin/install -c
configure:2568: checking whether build environment is sane
configure:2623: result: yes
configure:2774: checking for a thread-safe mkdir -p
configure:2813: result: /usr/bin/mkdir -p
configure:2820: checking for gawk
configure:2836: found /usr/bin/gawk
configure:2847: result: gawk
configure:2858: checking whether make sets $(MAKE)
configure:2880: result: yes
configure:2909: checking whether make supports nested variables
configure:2926: result: yes
configure:3103: checking for gcc
configure:3119: found /mingw32/bin/gcc
configure:3130: result: gcc
configure:3359: checking for C compiler version
configure:3368: gcc --version >&5
gcc.exe (Rev1, Built by MSYS2 project) 5.3.0
Copyright (C) 2015 Free Software Foundation, Inc.
This is free software; see the source for copying conditions.  There is NO
warranty; not even for MERCHANTABILITY or FITNESS FOR A PARTICULAR PURPOSE.

configure:3379: $? = 0
configure:3368: gcc -v >&5
Using built-in specs.
COLLECT_GCC=C:\msys64\mingw32\bin\gcc.exe
COLLECT_LTO_WRAPPER=C:/msys64/mingw32/bin/../lib/gcc/i686-w64-mingw32/5.3.0/lto-wrapper.exe
Target: i686-w64-mingw32
Configured with: ../gcc-5.3.0/configure --prefix=/mingw32 --with-local-prefix=/mingw32/local --build=i686-w64-mingw32 --host=i686-w64-mingw32 --target=i686-w64-mingw32 --with-native-system-header-dir=/mingw32/i686-w64-mingw32/include --libexecdir=/mingw32/lib --with-gxx-include-dir=/mingw32/include/c++/5.3.0 --enable-bootstrap --with-arch=i686 --with-tune=generic --enable-languages=c,lto,c++,objc,obj-c++,fortran,ada --enable-shared --enable-static --enable-libatomic --enable-threads=posix --enable-graphite --enable-fully-dynamic-string --enable-libstdcxx-time=yes --disable-libstdcxx-pch --disable-libstdcxx-debug --enable-version-specific-runtime-libs --disable-isl-version-check --enable-lto --enable-libgomp --disable-multilib --enable-checking=release --disable-rpath --disable-win32-registry --disable-nls --disable-werror --disable-symvers --with-libiconv --with-system-zlib --with-gmp=/mingw32 --with-mpfr=/mingw32 --with-mpc=/mingw32 --with-isl=/mingw32 --with-pkgversion='Rev1, Built by MSYS2 project' --with-bugurl=http://sourceforge.net/projects/msys2 --with-gnu-as --with-gnu-ld --disable-sjlj-exceptions --with-dwarf2
Thread model: posix
gcc version 5.3.0 (Rev1, Built by MSYS2 project) 
configure:3379: $? = 0
configure:3368: gcc -V >&5
gcc.exe: error: unrecognized command line option '-V'
gcc.exe: fatal error: no input files
compilation terminated.
configure:3379: $? = 1
configure:3368: gcc -qversion >&5
gcc.exe: error: unrecognized command line option '-qversion'
gcc.exe: fatal error: no input files
compilation terminated.
configure:3379: $? = 1
configure:3399: checking whether the C compiler works
configure:3421: gcc    conftest.c  >&5
configure:3425: $? = 0
configure:3473: result: yes
configure:3476: checking for C compiler default output file name
configure:3478: result: a.exe
configure:3484: checking for suffix of executables
configure:3491: gcc -o conftest.exe    conftest.c  >&5
configure:3495: $? = 0
configure:3517: result: .exe
configure:3539: checking whether we are cross compiling
configure:3547: gcc -o conftest.exe    conftest.c  >&5
configure:3551: $? = 0
configure:3558: ./conftest.exe
configure:3562: $? = 0
configure:3577: result: no
configure:3582: checking for suffix of object files
configure:3604: gcc -c   conftest.c >&5
configure:3608: $? = 0
configure:3629: result: o
configure:3633: checking whether we are using the GNU C compiler
configure:3652: gcc -c   conftest.c >&5
configure:3652: $? = 0
configure:3661: result: yes
configure:3670: checking whether gcc accepts -g
configure:3690: gcc -c -g  conftest.c >&5
configure:3690: $? = 0
configure:3731: result: yes
configure:3748: checking for gcc option to accept ISO C89
configure:3811: gcc  -c -g -O2  conftest.c >&5
configure:3811: $? = 0
configure:3824: result: none needed
configure:3849: checking whether gcc understands -c and -o together
configure:3871: gcc -c conftest.c -o conftest2.o
configure:3874: $? = 0
configure:3871: gcc -c conftest.c -o conftest2.o
configure:3874: $? = 0
configure:3886: result: yes
configure:3914: checking for style of include used by make
configure:3942: result: GNU
configure:3968: checking dependency style of gcc
configure:4079: result: none
configure:4152: checking for g++
configure:4168: found /mingw32/bin/g++
configure:4179: result: g++
configure:4206: checking for C++ compiler version
configure:4215: g++ --version >&5
g++.exe (Rev1, Built by MSYS2 project) 5.3.0
Copyright (C) 2015 Free Software Foundation, Inc.
This is free software; see the source for copying conditions.  There is NO
warranty; not even for MERCHANTABILITY or FITNESS FOR A PARTICULAR PURPOSE.

configure:4226: $? = 0
configure:4215: g++ -v >&5
Using built-in specs.
COLLECT_GCC=C:\msys64\mingw32\bin\g++.exe
COLLECT_LTO_WRAPPER=C:/msys64/mingw32/bin/../lib/gcc/i686-w64-mingw32/5.3.0/lto-wrapper.exe
Target: i686-w64-mingw32
Configured with: ../gcc-5.3.0/configure --prefix=/mingw32 --with-local-prefix=/mingw32/local --build=i686-w64-mingw32 --host=i686-w64-mingw32 --target=i686-w64-mingw32 --with-native-system-header-dir=/mingw32/i686-w64-mingw32/include --libexecdir=/mingw32/lib --with-gxx-include-dir=/mingw32/include/c++/5.3.0 --enable-bootstrap --with-arch=i686 --with-tune=generic --enable-languages=c,lto,c++,objc,obj-c++,fortran,ada --enable-shared --enable-static --enable-libatomic --enable-threads=posix --enable-graphite --enable-fully-dynamic-string --enable-libstdcxx-time=yes --disable-libstdcxx-pch --disable-libstdcxx-debug --enable-version-specific-runtime-libs --disable-isl-version-check --enable-lto --enable-libgomp --disable-multilib --enable-checking=release --disable-rpath --disable-win32-registry --disable-nls --disable-werror --disable-symvers --with-libiconv --with-system-zlib --with-gmp=/mingw32 --with-mpfr=/mingw32 --with-mpc=/mingw32 --with-isl=/mingw32 --with-pkgversion='Rev1, Built by MSYS2 project' --with-bugurl=http://sourceforge.net/projects/msys2 --with-gnu-as --with-gnu-ld --disable-sjlj-exceptions --with-dwarf2
Thread model: posix
gcc version 5.3.0 (Rev1, Built by MSYS2 project) 
configure:4226: $? = 0
configure:4215: g++ -V >&5
g++.exe: error: unrecognized command line option '-V'
g++.exe: fatal error: no input files
compilation terminated.
configure:4226: $? = 1
configure:4215: g++ -qversion >&5
g++.exe: error: unrecognized command line option '-qversion'
g++.exe: fatal error: no input files
compilation terminated.
configure:4226: $? = 1
configure:4230: checking whether we are using the GNU C++ compiler
configure:4249: g++ -c   conftest.cpp >&5
configure:4249: $? = 0
configure:4258: result: yes
configure:4267: checking whether g++ accepts -g
configure:4287: g++ -c -g  conftest.cpp >&5
configure:4287: $? = 0
configure:4328: result: yes
configure:4353: checking dependency style of g++
configure:4464: result: none
configure:4480: checking for library containing strerror
configure:4511: gcc -o conftest.exe -g -O2   conftest.c  >&5
configure:4511: $? = 0
configure:4528: result: none required
configure:4586: checking how to print strings
configure:4613: result: printf
configure:4634: checking for a sed that does not truncate output
configure:4698: result: /usr/bin/sed
configure:4716: checking for grep that handles long lines and -e
configure:4774: result: /usr/bin/grep
configure:4779: checking for egrep
configure:4841: result: /usr/bin/grep -E
configure:4846: checking for fgrep
configure:4908: result: /usr/bin/grep -F
configure:4943: checking for ld used by gcc
configure:5010: result: C:/msys64/mingw32/i686-w64-mingw32/bin/ld.exe
configure:5017: checking if the linker (C:/msys64/mingw32/i686-w64-mingw32/bin/ld.exe) is GNU ld
configure:5032: result: yes
configure:5044: checking for BSD- or MS-compatible name lister (nm)
configure:5098: result: /mingw32/bin/nm -B
configure:5228: checking the name lister (/mingw32/bin/nm -B) interface
configure:5235: gcc -c -g -O2  conftest.c >&5
configure:5238: /mingw32/bin/nm -B "conftest.o"
configure:5241: output
00000000 b .bss
00000000 d .data
00000000 N .debug_abbrev
00000000 N .debug_aranges
00000000 N .debug_info
00000000 N .debug_line
00000000 r .rdata$zzz
00000000 t .text
00000000 B _some_variable
configure:5248: result: BSD nm
configure:5251: checking whether ln -s works
configure:5258: result: no, using cp -pR
configure:5263: checking the maximum length of command line arguments
configure:5394: result: 8192
configure:5442: checking how to convert x86_64-pc-mingw32 file names to x86_64-pc-mingw32 format
configure:5482: result: func_convert_file_msys_to_w32
configure:5489: checking how to convert x86_64-pc-mingw32 file names to toolchain format
configure:5509: result: func_convert_file_msys_to_w32
configure:5516: checking for C:/msys64/mingw32/i686-w64-mingw32/bin/ld.exe option to reload object files
configure:5523: result: -r
configure:5597: checking for objdump
configure:5613: found /mingw32/bin/objdump
configure:5624: result: objdump
configure:5656: checking how to recognize dependent libraries
configure:5856: result: file_magic ^x86 archive import|^x86 DLL
configure:5941: checking for dlltool
configure:5957: found /mingw32/bin/dlltool
configure:5968: result: dlltool
configure:6001: checking how to associate runtime and link libraries
configure:6028: result: func_cygming_dll_for_implib
configure:6088: checking for ar
configure:6104: found /mingw32/bin/ar
configure:6115: result: ar
configure:6152: checking for archiver @FILE support
configure:6169: gcc -c -g -O2  conftest.c >&5
configure:6169: $? = 0
configure:6172: ar cru libconftest.a @conftest.lst >&5
configure:6175: $? = 0
configure:6180: ar cru libconftest.a @conftest.lst >&5
C:\msys64\mingw32\bin\ar.exe: conftest.o: No such file or directory
configure:6183: $? = 1
configure:6195: result: @
configure:6253: checking for strip
configure:6269: found /mingw32/bin/strip
configure:6280: result: strip
configure:6352: checking for ranlib
configure:6368: found /mingw32/bin/ranlib
configure:6379: result: ranlib
configure:6481: checking command to parse /mingw32/bin/nm -B output from gcc object
configure:6634: gcc -c -g -O2  conftest.c >&5
configure:6637: $? = 0
configure:6641: /mingw32/bin/nm -B conftest.o \| sed -n -e 's/^.*[ ]\([ABCDGIRSTW][ABCDGIRSTW]*\)[ ][ ]*\([_A-Za-z][_A-Za-z0-9]*\)\{0,1\}$/\1 \2 \2/p' | sed '/ __gnu_lto/d' \> conftest.nm
configure:6644: $? = 0
cannot find nm_test_var in conftest.nm
configure:6634: gcc -c -g -O2  conftest.c >&5
configure:6637: $? = 0
configure:6641: /mingw32/bin/nm -B conftest.o \| sed -n -e 's/^.*[ ]\([ABCDGIRSTW][ABCDGIRSTW]*\)[ ][ ]*_\([_A-Za-z][_A-Za-z0-9]*\)\{0,1\}$/\1 _\2 \2/p' | sed '/ __gnu_lto/d' \> conftest.nm
configure:6644: $? = 0
configure:6710: gcc -o conftest.exe -g -O2   conftest.c conftstm.o >&5
configure:6713: $? = 0
configure:6751: result: ok
configure:6798: checking for sysroot
configure:6828: result: no
configure:6835: checking for a working dd
configure:6873: result: /usr/bin/dd
configure:6877: checking how to truncate binary pipes
configure:6892: result: /usr/bin/dd bs=4096 count=1
configure:7221: checking for mt
configure:7251: result: no
configure:7271: checking if : is a manifest tool
configure:7277: : '-?'
configure:7285: result: no
configure:7962: checking how to run the C preprocessor
configure:7993: gcc -E  conftest.c
configure:7993: $? = 0
configure:8007: gcc -E  conftest.c
conftest.c:11:28: fatal error: ac_nonexistent.h: No such file or directory
compilation terminated.
configure:8007: $? = 1
configure: failed program was:
| /* confdefs.h */
| #define PACKAGE_NAME ""
| #define PACKAGE_TARNAME ""
| #define PACKAGE_VERSION ""
| #define PACKAGE_STRING ""
| #define PACKAGE_BUGREPORT ""
| #define PACKAGE_URL ""
| #define PACKAGE "agg"
| #define VERSION "2.5.0"
| /* end confdefs.h.  */
| #include <ac_nonexistent.h>
configure:8032: result: gcc -E
configure:8052: gcc -E  conftest.c
configure:8052: $? = 0
configure:8066: gcc -E  conftest.c
conftest.c:11:28: fatal error: ac_nonexistent.h: No such file or directory
compilation terminated.
configure:8066: $? = 1
configure: failed program was:
| /* confdefs.h */
| #define PACKAGE_NAME ""
| #define PACKAGE_TARNAME ""
| #define PACKAGE_VERSION ""
| #define PACKAGE_STRING ""
| #define PACKAGE_BUGREPORT ""
| #define PACKAGE_URL ""
| #define PACKAGE "agg"
| #define VERSION "2.5.0"
| /* end confdefs.h.  */
| #include <ac_nonexistent.h>
configure:8095: checking for ANSI C header files
configure:8115: gcc -c -g -O2  conftest.c >&5
configure:8115: $? = 0
configure:8188: gcc -o conftest.exe -g -O2   conftest.c  >&5
configure:8188: $? = 0
configure:8188: ./conftest.exe
configure:8188: $? = 0
configure:8199: result: yes
configure:8212: checking for sys/types.h
configure:8212: gcc -c -g -O2  conftest.c >&5
configure:8212: $? = 0
configure:8212: result: yes
configure:8212: checking for sys/stat.h
configure:8212: gcc -c -g -O2  conftest.c >&5
configure:8212: $? = 0
configure:8212: result: yes
configure:8212: checking for stdlib.h
configure:8212: gcc -c -g -O2  conftest.c >&5
configure:8212: $? = 0
configure:8212: result: yes
configure:8212: checking for string.h
configure:8212: gcc -c -g -O2  conftest.c >&5
configure:8212: $? = 0
configure:8212: result: yes
configure:8212: checking for memory.h
configure:8212: gcc -c -g -O2  conftest.c >&5
configure:8212: $? = 0
configure:8212: result: yes
configure:8212: checking for strings.h
configure:8212: gcc -c -g -O2  conftest.c >&5
configure:8212: $? = 0
configure:8212: result: yes
configure:8212: checking for inttypes.h
configure:8212: gcc -c -g -O2  conftest.c >&5
configure:8212: $? = 0
configure:8212: result: yes
configure:8212: checking for stdint.h
configure:8212: gcc -c -g -O2  conftest.c >&5
configure:8212: $? = 0
configure:8212: result: yes
configure:8212: checking for unistd.h
configure:8212: gcc -c -g -O2  conftest.c >&5
configure:8212: $? = 0
configure:8212: result: yes
configure:8226: checking for dlfcn.h
configure:8226: gcc -c -g -O2  conftest.c >&5
conftest.c:55:19: fatal error: dlfcn.h: No such file or directory
compilation terminated.
configure:8226: $? = 1
configure: failed program was:
| /* confdefs.h */
| #define PACKAGE_NAME ""
| #define PACKAGE_TARNAME ""
| #define PACKAGE_VERSION ""
| #define PACKAGE_STRING ""
| #define PACKAGE_BUGREPORT ""
| #define PACKAGE_URL ""
| #define PACKAGE "agg"
| #define VERSION "2.5.0"
| #define STDC_HEADERS 1
| #define HAVE_SYS_TYPES_H 1
| #define HAVE_SYS_STAT_H 1
| #define HAVE_STDLIB_H 1
| #define HAVE_STRING_H 1
| #define HAVE_MEMORY_H 1
| #define HAVE_STRINGS_H 1
| #define HAVE_INTTYPES_H 1
| #define HAVE_STDINT_H 1
| #define HAVE_UNISTD_H 1
| /* end confdefs.h.  */
| #include <stdio.h>
| #ifdef HAVE_SYS_TYPES_H
| # include <sys/types.h>
| #endif
| #ifdef HAVE_SYS_STAT_H
| # include <sys/stat.h>
| #endif
| #ifdef STDC_HEADERS
| # include <stdlib.h>
| # include <stddef.h>
| #else
| # ifdef HAVE_STDLIB_H
| #  include <stdlib.h>
| # endif
| #endif
| #ifdef HAVE_STRING_H
| # if !defined STDC_HEADERS && defined HAVE_MEMORY_H
| #  include <memory.h>
| # endif
| # include <string.h>
| #endif
| #ifdef HAVE_STRINGS_H
| # include <strings.h>
| #endif
| #ifdef HAVE_INTTYPES_H
| # include <inttypes.h>
| #endif
| #ifdef HAVE_STDINT_H
| # include <stdint.h>
| #endif
| #ifdef HAVE_UNISTD_H
| # include <unistd.h>
| #endif
| 
| #include <dlfcn.h>
configure:8226: result: no
configure:8493: checking for objdir
configure:8508: result: .libs
configure:8768: checking if gcc supports -fno-rtti -fno-exceptions
configure:8786: gcc -c -g -O2  -fno-rtti -fno-exceptions conftest.c >&5
cc1.exe: warning: command line option '-fno-rtti' is valid for C++/ObjC++ but not for C
configure:8790: $? = 0
configure:8803: result: no
configure:9161: checking for gcc option to produce PIC
configure:9168: result: -DDLL_EXPORT -DPIC
configure:9176: checking if gcc PIC flag -DDLL_EXPORT -DPIC works
configure:9194: gcc -c -g -O2  -DDLL_EXPORT -DPIC -DPIC conftest.c >&5
configure:9198: $? = 0
configure:9211: result: yes
configure:9240: checking if gcc static flag -static works
configure:9268: result: yes
configure:9283: checking if gcc supports -c -o file.o
configure:9304: gcc -c -g -O2  -o out/conftest2.o conftest.c >&5
configure:9308: $? = 0
configure:9330: result: yes
configure:9338: checking if gcc supports -c -o file.o
configure:9385: result: yes
configure:9418: checking whether the gcc linker (C:/msys64/mingw32/i686-w64-mingw32/bin/ld.exe) supports shared libraries
configure:10677: result: yes
configure:10714: checking whether -lc should be explicitly linked in
configure:10722: gcc -c -g -O2  conftest.c >&5
configure:10725: $? = 0
configure:10740: gcc -shared conftest.o  -v -o ./conftest -Wl,--enable-auto-image-base -Xlinker --out-implib -Xlinker conftest 2\>\&1 \| /usr/bin/grep  -lc  \>/dev/null 2\>\&1
configure:10743: $? = 1
configure:10757: result: yes
configure:10917: checking dynamic linker characteristics
configure:11741: result: Win32 ld.exe
configure:11863: checking how to hardcode library paths into programs
configure:11888: result: immediate
configure:12436: checking whether stripping libraries is possible
configure:12441: result: yes
configure:12476: checking if libtool supports shared libraries
configure:12478: result: yes
configure:12481: checking whether to build shared libraries
configure:12506: result: yes
configure:12509: checking whether to build static libraries
configure:12513: result: yes
configure:12536: checking how to run the C++ preprocessor
configure:12563: g++ -E  conftest.cpp
configure:12563: $? = 0
configure:12577: g++ -E  conftest.cpp
conftest.cpp:22:28: fatal error: ac_nonexistent.h: No such file or directory
compilation terminated.
configure:12577: $? = 1
configure: failed program was:
| /* confdefs.h */
| #define PACKAGE_NAME ""
| #define PACKAGE_TARNAME ""
| #define PACKAGE_VERSION ""
| #define PACKAGE_STRING ""
| #define PACKAGE_BUGREPORT ""
| #define PACKAGE_URL ""
| #define PACKAGE "agg"
| #define VERSION "2.5.0"
| #define STDC_HEADERS 1
| #define HAVE_SYS_TYPES_H 1
| #define HAVE_SYS_STAT_H 1
| #define HAVE_STDLIB_H 1
| #define HAVE_STRING_H 1
| #define HAVE_MEMORY_H 1
| #define HAVE_STRINGS_H 1
| #define HAVE_INTTYPES_H 1
| #define HAVE_STDINT_H 1
| #define HAVE_UNISTD_H 1
| #define LT_OBJDIR ".libs/"
| /* end confdefs.h.  */
| #include <ac_nonexistent.h>
configure:12602: result: g++ -E
configure:12622: g++ -E  conftest.cpp
configure:12622: $? = 0
configure:12636: g++ -E  conftest.cpp
conftest.cpp:22:28: fatal error: ac_nonexistent.h: No such file or directory
compilation terminated.
configure:12636: $? = 1
configure: failed program was:
| /* confdefs.h */
| #define PACKAGE_NAME ""
| #define PACKAGE_TARNAME ""
| #define PACKAGE_VERSION ""
| #define PACKAGE_STRING ""
| #define PACKAGE_BUGREPORT ""
| #define PACKAGE_URL ""
| #define PACKAGE "agg"
| #define VERSION "2.5.0"
| #define STDC_HEADERS 1
| #define HAVE_SYS_TYPES_H 1
| #define HAVE_SYS_STAT_H 1
| #define HAVE_STDLIB_H 1
| #define HAVE_STRING_H 1
| #define HAVE_MEMORY_H 1
| #define HAVE_STRINGS_H 1
| #define HAVE_INTTYPES_H 1
| #define HAVE_STDINT_H 1
| #define HAVE_UNISTD_H 1
| #define LT_OBJDIR ".libs/"
| /* end confdefs.h.  */
| #include <ac_nonexistent.h>
configure:12798: checking for ld used by g++
configure:12865: result: C:/msys64/mingw32/i686-w64-mingw32/bin/ld.exe
configure:12872: checking if the linker (C:/msys64/mingw32/i686-w64-mingw32/bin/ld.exe) is GNU ld
configure:12887: result: yes
configure:12942: checking whether the g++ linker (C:/msys64/mingw32/i686-w64-mingw32/bin/ld.exe) supports shared libraries
configure:14015: result: yes
configure:14051: g++ -c -g -O2  conftest.cpp >&5
configure:14054: $? = 0
configure:14535: checking for g++ option to produce PIC
configure:14542: result: -DDLL_EXPORT -DPIC
configure:14550: checking if g++ PIC flag -DDLL_EXPORT -DPIC works
configure:14568: g++ -c -g -O2  -DDLL_EXPORT -DPIC -DPIC conftest.cpp >&5
configure:14572: $? = 0
configure:14585: result: yes
configure:14608: checking if g++ static flag -static works
configure:14636: result: yes
configure:14648: checking if g++ supports -c -o file.o
configure:14669: g++ -c -g -O2  -o out/conftest2.o conftest.cpp >&5
configure:14673: $? = 0
configure:14695: result: yes
configure:14700: checking if g++ supports -c -o file.o
configure:14747: result: yes
configure:14777: checking whether the g++ linker (C:/msys64/mingw32/i686-w64-mingw32/bin/ld.exe) supports shared libraries
configure:14817: result: yes
configure:14958: checking dynamic linker characteristics
configure:15708: result: Win32 ld.exe
configure:15773: checking how to hardcode library paths into programs
configure:15798: result: immediate
configure:15861: checking for an ANSI C-conforming const
configure:15927: gcc -c -g -O2  conftest.c >&5
configure:15927: $? = 0
configure:15934: result: yes
configure:16093: checking for pkg-config
configure:16111: found /usr/bin/pkg-config
configure:16123: result: /usr/bin/pkg-config
configure:16148: checking pkg-config is at least version 0.9.0
configure:16151: result: yes
configure:16161: checking for FREETYPE
configure:16168: $PKG_CONFIG --exists --print-errors "freetype2"
configure:16171: $? = 0
configure:16185: $PKG_CONFIG --exists --print-errors "freetype2"
configure:16188: $? = 0
configure:16230: result: yes
configure:16316: checking for sdl-config
configure:16334: found /mingw32/bin/sdl-config
configure:16347: result: /mingw32/bin/sdl-config
configure:16357: checking for SDL - version >= 1.2.0
configure:16444: gcc -o conftest.exe -g -O2 -I/mingw32/include/SDL -D_GNU_SOURCE=1 -Dmain=SDL_main   conftest.c  -L/mingw32/lib -lmingw32 -lSDLmain -lSDL -mwindows >&5
configure:16444: $? = 0
configure:16444: ./conftest.exe
configure:16444: $? = 0
configure:16459: result: yes
configure:16543: checking for X
configure:16651: gcc -E  conftest.c
configure:16651: $? = 0
configure:16682: gcc -o conftest.exe -g -O2   conftest.c -lX11  >&5
conftest.c: In function 'main':
conftest.c:26:1: warning: implicit declaration of function 'XrmInitialize' [-Wimplicit-function-declaration]
 XrmInitialize ()
 ^
C:/msys64/mingw32/bin/../lib/gcc/i686-w64-mingw32/5.3.0/../../../../i686-w64-mingw32/bin/ld.exe: cannot find -lX11
collect2.exe: error: ld returned 1 exit status
configure:16682: $? = 1
configure: failed program was:
| /* confdefs.h */
| #define PACKAGE_NAME ""
| #define PACKAGE_TARNAME ""
| #define PACKAGE_VERSION ""
| #define PACKAGE_STRING ""
| #define PACKAGE_BUGREPORT ""
| #define PACKAGE_URL ""
| #define PACKAGE "agg"
| #define VERSION "2.5.0"
| #define STDC_HEADERS 1
| #define HAVE_SYS_TYPES_H 1
| #define HAVE_SYS_STAT_H 1
| #define HAVE_STDLIB_H 1
| #define HAVE_STRING_H 1
| #define HAVE_MEMORY_H 1
| #define HAVE_STRINGS_H 1
| #define HAVE_INTTYPES_H 1
| #define HAVE_STDINT_H 1
| #define HAVE_UNISTD_H 1
| #define LT_OBJDIR ".libs/"
| /* end confdefs.h.  */
| #include <X11/Xlib.h>
| int
| main ()
| {
| XrmInitialize ()
|   ;
|   return 0;
| }
configure:16721: result: no
configure:16737: WARNING: *** X11 not found! Omitting X11 layer.
configure:16868: checking that generated files are newer than configure
configure:16874: result: done
configure:16937: creating ./config.status

## ---------------------- ##
## Running config.status. ##
## ---------------------- ##

This file was extended by config.status, which was
generated by GNU Autoconf 2.69.  Invocation command line was

  CONFIG_FILES    = 
  CONFIG_HEADERS  = 
  CONFIG_LINKS    = 
  CONFIG_COMMANDS = 
  $ ./config.status 

on DESKTOP-0VBQKKK

config.status:1222: creating Makefile
config.status:1222: creating libagg.pc
config.status:1222: creating gpc/Makefile
config.status:1222: creating font_freetype/Makefile
config.status:1222: creating font_win32_tt/Makefile
config.status:1222: creating src/Makefile
config.status:1222: creating src/ctrl/Makefile
config.status:1222: creating src/platform/Makefile
config.status:1222: creating src/platform/X11/Makefile
config.status:1222: creating src/platform/sdl/Makefile
config.status:1222: creating src/platform/mac/Makefile
config.status:1222: creating src/platform/win32/Makefile
config.status:1222: creating src/platform/BeOS/Makefile
config.status:1222: creating src/platform/AmigaOS/Makefile
config.status:1222: creating include/Makefile
config.status:1222: creating include/ctrl/Makefile
config.status:1222: creating include/util/Makefile
config.status:1222: creating include/platform/Makefile
config.status:1222: creating examples/Makefile
config.status:1222: creating include/config.h
config.status:1403: include/config.h is unchanged
config.status:1451: executing depfiles commands
config.status:1451: executing libtool commands

## ---------------- ##
## Cache variables. ##
## ---------------- ##

ac_cv_build=x86_64-pc-mingw32
ac_cv_c_compiler_gnu=yes
ac_cv_c_const=yes
ac_cv_cxx_compiler_gnu=yes
ac_cv_env_CCC_set=
ac_cv_env_CCC_value=
ac_cv_env_CC_set=
ac_cv_env_CC_value=
ac_cv_env_CFLAGS_set=
ac_cv_env_CFLAGS_value=
ac_cv_env_CPPFLAGS_set=
ac_cv_env_CPPFLAGS_value=
ac_cv_env_CPP_set=
ac_cv_env_CPP_value=
ac_cv_env_CXXCPP_set=
ac_cv_env_CXXCPP_value=
ac_cv_env_CXXFLAGS_set=
ac_cv_env_CXXFLAGS_value=
ac_cv_env_CXX_set=
ac_cv_env_CXX_value=
ac_cv_env_FREETYPE_CFLAGS_set=
ac_cv_env_FREETYPE_CFLAGS_value=
ac_cv_env_FREETYPE_LIBS_set=
ac_cv_env_FREETYPE_LIBS_value=
ac_cv_env_LDFLAGS_set=
ac_cv_env_LDFLAGS_value=
ac_cv_env_LIBS_set=
ac_cv_env_LIBS_value=
ac_cv_env_LT_SYS_LIBRARY_PATH_set=
ac_cv_env_LT_SYS_LIBRARY_PATH_value=
ac_cv_env_PKG_CONFIG_LIBDIR_set=
ac_cv_env_PKG_CONFIG_LIBDIR_value=
ac_cv_env_PKG_CONFIG_PATH_set=set
ac_cv_env_PKG_CONFIG_PATH_value=/mingw32/lib/pkgconfig:/mingw32/share/pkgconfig
ac_cv_env_PKG_CONFIG_set=
ac_cv_env_PKG_CONFIG_value=
ac_cv_env_XMKMF_set=
ac_cv_env_XMKMF_value=
ac_cv_env_build_alias_set=
ac_cv_env_build_alias_value=
ac_cv_env_host_alias_set=
ac_cv_env_host_alias_value=
ac_cv_env_target_alias_set=
ac_cv_env_target_alias_value=
ac_cv_exeext=.exe
ac_cv_have_x=have_x=no
ac_cv_header_dlfcn_h=no
ac_cv_header_inttypes_h=yes
ac_cv_header_memory_h=yes
ac_cv_header_stdc=yes
ac_cv_header_stdint_h=yes
ac_cv_header_stdlib_h=yes
ac_cv_header_string_h=yes
ac_cv_header_strings_h=yes
ac_cv_header_sys_stat_h=yes
ac_cv_header_sys_types_h=yes
ac_cv_header_unistd_h=yes
ac_cv_host=x86_64-pc-mingw32
ac_cv_objext=o
ac_cv_path_EGREP='/usr/bin/grep -E'
ac_cv_path_FGREP='/usr/bin/grep -F'
ac_cv_path_GREP=/usr/bin/grep
ac_cv_path_SDL_CONFIG=/mingw32/bin/sdl-config
ac_cv_path_SED=/usr/bin/sed
ac_cv_path_ac_pt_PKG_CONFIG=/usr/bin/pkg-config
ac_cv_path_install='/usr/bin/install -c'
ac_cv_path_lt_DD=/usr/bin/dd
ac_cv_path_mkdir=/usr/bin/mkdir
ac_cv_prog_AWK=gawk
ac_cv_prog_CPP='gcc -E'
ac_cv_prog_CXXCPP='g++ -E'
ac_cv_prog_ac_ct_AR=ar
ac_cv_prog_ac_ct_CC=gcc
ac_cv_prog_ac_ct_CXX=g++
ac_cv_prog_ac_ct_DLLTOOL=dlltool
ac_cv_prog_ac_ct_OBJDUMP=objdump
ac_cv_prog_ac_ct_RANLIB=ranlib
ac_cv_prog_ac_ct_STRIP=strip
ac_cv_prog_cc_c89=
ac_cv_prog_cc_g=yes
ac_cv_prog_cxx_g=yes
ac_cv_prog_make_make_set=yes
ac_cv_search_strerror='none required'
ac_cv_target=x86_64-pc-mingw32
am_cv_CC_dependencies_compiler_type=none
am_cv_CXX_dependencies_compiler_type=none
am_cv_make_support_nested_variables=yes
am_cv_prog_cc_c_o=yes
lt_cv_ar_at_file=@
lt_cv_archive_cmds_need_lc=yes
lt_cv_deplibs_check_method='file_magic ^x86 archive import|^x86 DLL'
lt_cv_file_magic_cmd=func_win32_libid
lt_cv_file_magic_test_file=
lt_cv_ld_reload_flag=-r
lt_cv_nm_interface='BSD nm'
lt_cv_objdir=.libs
lt_cv_path_LD=C:/msys64/mingw32/i686-w64-mingw32/bin/ld.exe
lt_cv_path_LDCXX=C:/msys64/mingw32/i686-w64-mingw32/bin/ld.exe
lt_cv_path_NM='/mingw32/bin/nm -B'
lt_cv_path_mainfest_tool=no
lt_cv_prog_compiler_c_o=yes
lt_cv_prog_compiler_c_o_CXX=yes
lt_cv_prog_compiler_pic='-DDLL_EXPORT -DPIC'
lt_cv_prog_compiler_pic_CXX='-DDLL_EXPORT -DPIC'
lt_cv_prog_compiler_pic_works=yes
lt_cv_prog_compiler_pic_works_CXX=yes
lt_cv_prog_compiler_rtti_exceptions=no
lt_cv_prog_compiler_static_works=yes
lt_cv_prog_compiler_static_works_CXX=yes
lt_cv_prog_gnu_ld=yes
lt_cv_prog_gnu_ldcxx=yes
lt_cv_sharedlib_from_linklib_cmd=func_cygming_dll_for_implib
lt_cv_sys_global_symbol_pipe='sed -n -e '\''s/^.*[	 ]\([ABCDGIRSTW][ABCDGIRSTW]*\)[	 ][	 ]*_\([_A-Za-z][_A-Za-z0-9]*\)\{0,1\}$/\1 _\2 \2/p'\'' | sed '\''/ __gnu_lto/d'\'''
lt_cv_sys_global_symbol_to_c_name_address='sed -n -e '\''s/^: \(.*\) .*$/  {"\1", (void *) 0},/p'\'' -e '\''s/^[ABCDGIRSTW][ABCDGIRSTW]* .* \(.*\)$/  {"\1", (void *) \&\1},/p'\'''
lt_cv_sys_global_symbol_to_c_name_address_lib_prefix='sed -n -e '\''s/^: \(.*\) .*$/  {"\1", (void *) 0},/p'\'' -e '\''s/^[ABCDGIRSTW][ABCDGIRSTW]* .* \(lib.*\)$/  {"\1", (void *) \&\1},/p'\'' -e '\''s/^[ABCDGIRSTW][ABCDGIRSTW]* .* \(.*\)$/  {"lib\1", (void *) \&\1},/p'\'''
lt_cv_sys_global_symbol_to_cdecl='sed -n -e '\''s/^T .* \(.*\)$/extern int \1();/p'\'' -e '\''s/^[ABCDGIRSTW][ABCDGIRSTW]* .* \(.*\)$/extern char \1;/p'\'''
lt_cv_sys_global_symbol_to_import=
lt_cv_sys_max_cmd_len=8192
lt_cv_to_host_file_cmd=func_convert_file_msys_to_w32
lt_cv_to_tool_file_cmd=func_convert_file_msys_to_w32
lt_cv_truncate_bin='/usr/bin/dd bs=4096 count=1'
pkg_cv_FREETYPE_CFLAGS='-mms-bitfields -I/mingw32/include/freetype2 -I/mingw32/include -I/mingw32/include/libpng16 -I/mingw32/include/harfbuzz -I/mingw32/include/glib-2.0 -I/mingw32/lib/glib-2.0/include'
pkg_cv_FREETYPE_LIBS='-L/mingw32/lib -lfreetype -lz -lbz2 -lpng16 -lz -lharfbuzz -lglib-2.0 -lintl -pthread -lws2_32 -lole32 -lwinmm -lshlwapi -lintl'

## ----------------- ##
## Output variables. ##
## ----------------- ##

ACLOCAL='${SHELL} /home/meesokim/agg-2.5/missing aclocal-1.15'
AGG_LIB_VERSION='2:4:0'
AMDEPBACKSLASH='\'
AMDEP_FALSE='#'
AMDEP_TRUE=''
AMTAR='$${TAR-tar}'
AM_BACKSLASH='\'
AM_DEFAULT_V='$(AM_DEFAULT_VERBOSITY)'
AM_DEFAULT_VERBOSITY='1'
AM_V='$(V)'
AR='ar'
AUTOCONF='${SHELL} /home/meesokim/agg-2.5/missing autoconf'
AUTOHEADER='${SHELL} /home/meesokim/agg-2.5/missing autoheader'
AUTOMAKE='${SHELL} /home/meesokim/agg-2.5/missing automake-1.15'
AWK='gawk'
CC='gcc'
CCDEPMODE='depmode=none'
CFLAGS='-g -O2'
CPP='gcc -E'
CPPFLAGS=''
CXX='g++'
CXXCPP='g++ -E'
CXXDEPMODE='depmode=none'
CXXFLAGS='-g -O2'
CYGPATH_W='cygpath -w'
DEFS='-DHAVE_CONFIG_H'
DEPDIR='.deps'
DLLTOOL='dlltool'
DSYMUTIL=''
DUMPBIN=''
ECHO_C=''
ECHO_N='-n'
ECHO_T=''
EGREP='/usr/bin/grep -E'
ENABLE_CTRL_FALSE='#'
ENABLE_CTRL_TRUE=''
ENABLE_EXAMPLES_FALSE='#'
ENABLE_EXAMPLES_TRUE=''
ENABLE_FT_FALSE='#'
ENABLE_FT_TRUE=''
ENABLE_GPC_FALSE=''
ENABLE_GPC_TRUE='#'
ENABLE_OSX_FALSE=''
ENABLE_OSX_TRUE='#'
ENABLE_SDL_FALSE=''
ENABLE_SDL_TRUE='#'
ENABLE_WIN32_FALSE='#'
ENABLE_WIN32_TRUE=''
ENABLE_WIN32_TT_FALSE='#'
ENABLE_WIN32_TT_TRUE=''
ENABLE_X11_FALSE=''
ENABLE_X11_TRUE='#'
EXEEXT='.exe'
FGREP='/usr/bin/grep -F'
FREETYPE_CFLAGS='-mms-bitfields -I/mingw32/include/freetype2 -I/mingw32/include -I/mingw32/include/libpng16 -I/mingw32/include/harfbuzz -I/mingw32/include/glib-2.0 -I/mingw32/lib/glib-2.0/include'
FREETYPE_LIBS='-L/mingw32/lib -lfreetype -lz -lbz2 -lpng16 -lz -lharfbuzz -lglib-2.0 -lintl -pthread -lws2_32 -lole32 -lwinmm -lshlwapi -lintl'
GREP='/usr/bin/grep'
INSTALL_DATA='${INSTALL} -m 644'
INSTALL_PROGRAM='${INSTALL}'
INSTALL_SCRIPT='${INSTALL}'
INSTALL_STRIP_PROGRAM='$(install_sh) -c -s'
LD='C:/msys64/mingw32/i686-w64-mingw32/bin/ld.exe'
LDFLAGS=''
LIBOBJS=''
LIBS=''
LIBTOOL='$(SHELL) $(top_builddir)/libtool'
LIPO=''
LN_S='cp -pR'
LTLIBOBJS=''
LT_SYS_LIBRARY_PATH=''
MAKEINFO='${SHELL} /home/meesokim/agg-2.5/missing makeinfo'
MANIFEST_TOOL=':'
MKDIR_P='/usr/bin/mkdir -p'
NM='/mingw32/bin/nm -B'
NMEDIT=''
OBJDUMP='objdump'
OBJEXT='o'
OSX_CFLAGS=''
OSX_LIBS=''
OTOOL64=''
OTOOL=''
PACKAGE='agg'
PACKAGE_BUGREPORT=''
PACKAGE_NAME=''
PACKAGE_STRING=''
PACKAGE_TARNAME=''
PACKAGE_URL=''
PACKAGE_VERSION=''
PATH_SEPARATOR=':'
PKG_CONFIG='/usr/bin/pkg-config'
PKG_CONFIG_LIBDIR=''
PKG_CONFIG_PATH='/mingw32/lib/pkgconfig:/mingw32/share/pkgconfig'
PREFERED_PLATFORM='win32'
RANLIB='ranlib'
SDL_CFLAGS='-I/mingw32/include/SDL -D_GNU_SOURCE=1 -Dmain=SDL_main'
SDL_CONFIG='/mingw32/bin/sdl-config'
SDL_LIBS='-L/mingw32/lib -lmingw32 -lSDLmain -lSDL -mwindows'
SED='/usr/bin/sed'
SET_MAKE=''
SHELL='/bin/sh'
STRIP='strip'
VERSION='2.5.0'
WINDOWS_CFLAGS=''
WINDOWS_LIBS=''
XMKMF=''
ac_ct_AR='ar'
ac_ct_CC='gcc'
ac_ct_CXX='g++'
ac_ct_DUMPBIN=''
am__EXEEXT_FALSE='#'
am__EXEEXT_TRUE=''
am__fastdepCC_FALSE=''
am__fastdepCC_TRUE='#'
am__fastdepCXX_FALSE=''
am__fastdepCXX_TRUE='#'
am__include='include'
am__isrc=''
am__leading_dot='.'
am__nodep='_no'
am__quote=''
am__tar='$${TAR-tar} chof - "$$tardir"'
am__untar='$${TAR-tar} xf -'
bindir='${exec_prefix}/bin'
build='x86_64-pc-mingw32'
build_alias=''
build_cpu='x86_64'
build_os='mingw32'
build_vendor='pc'
datadir='${datarootdir}'
datarootdir='${prefix}/share'
docdir='${datarootdir}/doc/${PACKAGE}'
dvidir='${docdir}'
exec_prefix='${prefix}'
host='x86_64-pc-mingw32'
host_alias=''
host_cpu='x86_64'
host_os='mingw32'
host_vendor='pc'
htmldir='${docdir}'
includedir='${prefix}/include'
infodir='${datarootdir}/info'
install_sh='${SHELL} /home/meesokim/agg-2.5/install-sh'
libdir='${exec_prefix}/lib'
libexecdir='${exec_prefix}/libexec'
localedir='${datarootdir}/locale'
localstatedir='${prefix}/var'
mandir='${datarootdir}/man'
mkdir_p='$(MKDIR_P)'
oldincludedir='/usr/include'
pdfdir='${docdir}'
prefix='/usr/local'
program_transform_name='s,x,x,'
psdir='${docdir}'
sbindir='${exec_prefix}/sbin'
sharedstatedir='${prefix}/com'
sysconfdir='${prefix}/etc'
target='x86_64-pc-mingw32'
target_alias=''
target_cpu='x86_64'
target_os='mingw32'
target_vendor='pc'
x_includes='NONE'
x_libraries='NONE'

## ----------- ##
## confdefs.h. ##
## ----------- ##

/* confdefs.h */
#define PACKAGE_NAME ""
#define PACKAGE_TARNAME ""
#define PACKAGE_VERSION ""
#define PACKAGE_STRING ""
#define PACKAGE_BUGREPORT ""
#define PACKAGE_URL ""
#define PACKAGE "agg"
#define VERSION "2.5.0"
#define STDC_HEADERS 1
#define HAVE_SYS_TYPES_H 1
#define HAVE_SYS_STAT_H 1
#define HAVE_STDLIB_H 1
#define HAVE_STRING_H 1
#define HAVE_MEMORY_H 1
#define HAVE_STRINGS_H 1
#define HAVE_INTTYPES_H 1
#define HAVE_STDINT_H 1
#define HAVE_UNISTD_H 1
#define LT_OBJDIR ".libs/"

configure: exit 0

## ---------------------- ##
## Running config.status. ##
## ---------------------- ##

This file was extended by config.status, which was
generated by GNU Autoconf 2.69.  Invocation command line was

  CONFIG_FILES    = 
  CONFIG_HEADERS  = 
  CONFIG_LINKS    = 
  CONFIG_COMMANDS = 
  $ ./config.status include/config.h

on DESKTOP-0VBQKKK

config.status:1222: creating include/config.h
config.status:1403: include/config.h is unchanged
